[2024-09-02T19:29:19.046+0000] {taskinstance.py:1956} INFO - Dependencies all met for dep_context=non-requeueable deps ti=<TaskInstance: nyc_airbnb_etl.create_airbnb_listings_table manual__2024-09-02T19:29:17.036826+00:00 [queued]>
[2024-09-02T19:29:19.052+0000] {taskinstance.py:1956} INFO - Dependencies all met for dep_context=requeueable deps ti=<TaskInstance: nyc_airbnb_etl.create_airbnb_listings_table manual__2024-09-02T19:29:17.036826+00:00 [queued]>
[2024-09-02T19:29:19.052+0000] {taskinstance.py:2170} INFO - Starting attempt 1 of 2
[2024-09-02T19:29:19.072+0000] {taskinstance.py:2191} INFO - Executing <Task(PostgresOperator): create_airbnb_listings_table> on 2024-09-02 19:29:17.036826+00:00
[2024-09-02T19:29:19.076+0000] {standard_task_runner.py:60} INFO - Started process 81 to run task
[2024-09-02T19:29:19.079+0000] {standard_task_runner.py:87} INFO - Running: ['***', 'tasks', 'run', 'nyc_airbnb_etl', 'create_airbnb_listings_table', 'manual__2024-09-02T19:29:17.036826+00:00', '--job-id', '169', '--raw', '--subdir', 'DAGS_FOLDER/nyc_airbnb_etl.py', '--cfg-path', '/tmp/tmp5kvx171r']
[2024-09-02T19:29:19.081+0000] {standard_task_runner.py:88} INFO - Job 169: Subtask create_airbnb_listings_table
[2024-09-02T19:29:19.116+0000] {task_command.py:423} INFO - Running <TaskInstance: nyc_airbnb_etl.create_airbnb_listings_table manual__2024-09-02T19:29:17.036826+00:00 [running]> on host 008d58b09353
[2024-09-02T19:29:19.184+0000] {taskinstance.py:2480} INFO - Exporting env vars: AIRFLOW_CTX_DAG_OWNER='Vlad_Hnatiuk' AIRFLOW_CTX_DAG_ID='nyc_airbnb_etl' AIRFLOW_CTX_TASK_ID='create_airbnb_listings_table' AIRFLOW_CTX_EXECUTION_DATE='2024-09-02T19:29:17.036826+00:00' AIRFLOW_CTX_TRY_NUMBER='1' AIRFLOW_CTX_DAG_RUN_ID='manual__2024-09-02T19:29:17.036826+00:00'
[2024-09-02T19:29:19.185+0000] {sql.py:276} INFO - Executing: CREATE TABLE IF NOT EXISTS airbnb_listings (
                id SERIAL PRIMARY KEY,
                name TEXT,
                host_id INTEGER,
                host_name TEXT,
                neighbourhood_group TEXT,
                neighbourhood TEXT,
                latitude DECIMAL(9,6),
                longitude DECIMAL(9,6),
                room_type TEXT,
                price INTEGER,
                minimum_nights INTEGER,
                number_of_reviews INTEGER,
                last_review DATE,
                reviews_per_month DECIMAL(3,2),
                calculated_host_listings_count INTEGER,
                availability_365 INTEGER
                );
[2024-09-02T19:29:19.192+0000] {base.py:83} INFO - Using connection ID 'postgres_localhost' for task execution.
[2024-09-02T19:29:19.198+0000] {base.py:83} INFO - Using connection ID 'postgres_localhost' for task execution.
[2024-09-02T19:29:19.208+0000] {sql.py:450} INFO - Running statement: CREATE TABLE IF NOT EXISTS airbnb_listings (
                id SERIAL PRIMARY KEY,
                name TEXT,
                host_id INTEGER,
                host_name TEXT,
                neighbourhood_group TEXT,
                neighbourhood TEXT,
                latitude DECIMAL(9,6),
                longitude DECIMAL(9,6),
                room_type TEXT,
                price INTEGER,
                minimum_nights INTEGER,
                number_of_reviews INTEGER,
                last_review DATE,
                reviews_per_month DECIMAL(3,2),
                calculated_host_listings_count INTEGER,
                availability_365 INTEGER
                );, parameters: None
[2024-09-02T19:29:19.223+0000] {taskinstance.py:1138} INFO - Marking task as SUCCESS. dag_id=nyc_airbnb_etl, task_id=create_airbnb_listings_table, execution_date=20240902T192917, start_date=20240902T192919, end_date=20240902T192919
[2024-09-02T19:29:19.252+0000] {local_task_job_runner.py:234} INFO - Task exited with return code 0
[2024-09-02T19:29:19.277+0000] {taskinstance.py:3280} INFO - 1 downstream tasks scheduled from follow-on schedule check
