[2024-09-02T19:30:15.553+0000] {taskinstance.py:1956} INFO - Dependencies all met for dep_context=non-requeueable deps ti=<TaskInstance: nyc_airbnb_etl.data_quality_check manual__2024-09-02T19:29:17.036826+00:00 [queued]>
[2024-09-02T19:30:15.560+0000] {taskinstance.py:1956} INFO - Dependencies all met for dep_context=requeueable deps ti=<TaskInstance: nyc_airbnb_etl.data_quality_check manual__2024-09-02T19:29:17.036826+00:00 [queued]>
[2024-09-02T19:30:15.560+0000] {taskinstance.py:2170} INFO - Starting attempt 1 of 2
[2024-09-02T19:30:15.673+0000] {taskinstance.py:2191} INFO - Executing <Task(BranchPythonOperator): data_quality_check> on 2024-09-02 19:29:17.036826+00:00
[2024-09-02T19:30:15.677+0000] {standard_task_runner.py:60} INFO - Started process 109 to run task
[2024-09-02T19:30:15.679+0000] {standard_task_runner.py:87} INFO - Running: ['***', 'tasks', 'run', 'nyc_airbnb_etl', 'data_quality_check', 'manual__2024-09-02T19:29:17.036826+00:00', '--job-id', '173', '--raw', '--subdir', 'DAGS_FOLDER/nyc_airbnb_etl.py', '--cfg-path', '/tmp/tmp2vcpc5zp']
[2024-09-02T19:30:15.680+0000] {standard_task_runner.py:88} INFO - Job 173: Subtask data_quality_check
[2024-09-02T19:30:15.709+0000] {task_command.py:423} INFO - Running <TaskInstance: nyc_airbnb_etl.data_quality_check manual__2024-09-02T19:29:17.036826+00:00 [running]> on host 008d58b09353
[2024-09-02T19:30:15.762+0000] {taskinstance.py:2480} INFO - Exporting env vars: AIRFLOW_CTX_DAG_OWNER='Vlad_Hnatiuk' AIRFLOW_CTX_DAG_ID='nyc_airbnb_etl' AIRFLOW_CTX_TASK_ID='data_quality_check' AIRFLOW_CTX_EXECUTION_DATE='2024-09-02T19:29:17.036826+00:00' AIRFLOW_CTX_TRY_NUMBER='1' AIRFLOW_CTX_DAG_RUN_ID='manual__2024-09-02T19:29:17.036826+00:00'
[2024-09-02T19:30:15.769+0000] {base.py:83} INFO - Using connection ID 'postgres_localhost' for task execution.
[2024-09-02T19:30:15.775+0000] {sql.py:450} INFO - Running statement: SELECT COUNT(*) FROM airbnb_listings;, parameters: None
[2024-09-02T19:30:15.782+0000] {sql.py:459} INFO - Rows affected: 1
[2024-09-02T19:30:15.907+0000] {base.py:83} INFO - Using connection ID 'postgres_localhost' for task execution.
[2024-09-02T19:30:15.913+0000] {sql.py:450} INFO - Running statement:  SELECT COUNT(*) FROM airbnb_listings
        WHERE price IS NULL OR minimum_nights IS NULL OR availability_365 IS NULL;
    , parameters: None
[2024-09-02T19:30:15.925+0000] {sql.py:459} INFO - Rows affected: 1
[2024-09-02T19:30:15.928+0000] {python.py:201} INFO - Done. Returned value was: success
[2024-09-02T19:30:15.929+0000] {branch.py:35} INFO - Branch into success
[2024-09-02T19:30:15.929+0000] {skipmixin.py:178} INFO - Following branch success
[2024-09-02T19:30:15.941+0000] {skipmixin.py:244} INFO - Skipping tasks [('fail', -1)]
[2024-09-02T19:30:15.985+0000] {taskinstance.py:1138} INFO - Marking task as SUCCESS. dag_id=nyc_airbnb_etl, task_id=data_quality_check, execution_date=20240902T192917, start_date=20240902T193015, end_date=20240902T193015
[2024-09-02T19:30:16.012+0000] {local_task_job_runner.py:234} INFO - Task exited with return code 0
[2024-09-02T19:30:16.030+0000] {taskinstance.py:3280} INFO - 1 downstream tasks scheduled from follow-on schedule check
