[2024-09-02T19:27:37.540+0000] {processor.py:161} INFO - Started process (PID=38) to work on /opt/airflow/dags/nyc_airbnb_etl.py
[2024-09-02T19:27:37.541+0000] {processor.py:830} INFO - Processing file /opt/airflow/dags/nyc_airbnb_etl.py for tasks to queue
[2024-09-02T19:27:37.543+0000] {logging_mixin.py:188} INFO - [2024-09-02T19:27:37.543+0000] {dagbag.py:538} INFO - Filling up the DagBag from /opt/airflow/dags/nyc_airbnb_etl.py
[2024-09-02T19:27:39.638+0000] {logging_mixin.py:188} WARNING - /home/airflow/.local/lib/python3.8/site-packages/airflow/models/baseoperator.py:437 RemovedInAirflow3Warning: provide_context is deprecated as of 2.0 and is no longer required
[2024-09-02T19:27:39.662+0000] {processor.py:840} INFO - DAG(s) 'nyc_airbnb_etl' retrieved from /opt/airflow/dags/nyc_airbnb_etl.py
[2024-09-02T19:27:40.024+0000] {logging_mixin.py:188} INFO - [2024-09-02T19:27:40.023+0000] {dag.py:3036} INFO - Sync 1 DAGs
[2024-09-02T19:27:40.045+0000] {logging_mixin.py:188} INFO - [2024-09-02T19:27:40.045+0000] {dag.py:3823} INFO - Setting next_dagrun for nyc_airbnb_etl to 2024-09-02 00:00:00+00:00, run_after=2024-09-03 00:00:00+00:00
[2024-09-02T19:27:40.089+0000] {processor.py:183} INFO - Processing /opt/airflow/dags/nyc_airbnb_etl.py took 2.553 seconds
[2024-09-02T19:28:10.246+0000] {processor.py:161} INFO - Started process (PID=46) to work on /opt/airflow/dags/nyc_airbnb_etl.py
[2024-09-02T19:28:10.246+0000] {processor.py:830} INFO - Processing file /opt/airflow/dags/nyc_airbnb_etl.py for tasks to queue
[2024-09-02T19:28:10.248+0000] {logging_mixin.py:188} INFO - [2024-09-02T19:28:10.247+0000] {dagbag.py:538} INFO - Filling up the DagBag from /opt/airflow/dags/nyc_airbnb_etl.py
[2024-09-02T19:28:10.481+0000] {logging_mixin.py:188} WARNING - /home/airflow/.local/lib/python3.8/site-packages/airflow/models/baseoperator.py:437 RemovedInAirflow3Warning: provide_context is deprecated as of 2.0 and is no longer required
[2024-09-02T19:28:10.485+0000] {processor.py:840} INFO - DAG(s) 'nyc_airbnb_etl' retrieved from /opt/airflow/dags/nyc_airbnb_etl.py
[2024-09-02T19:28:10.498+0000] {logging_mixin.py:188} INFO - [2024-09-02T19:28:10.498+0000] {dag.py:3036} INFO - Sync 1 DAGs
[2024-09-02T19:28:10.611+0000] {logging_mixin.py:188} INFO - [2024-09-02T19:28:10.611+0000] {dag.py:3823} INFO - Setting next_dagrun for nyc_airbnb_etl to 2024-09-02 00:00:00+00:00, run_after=2024-09-03 00:00:00+00:00
[2024-09-02T19:28:10.623+0000] {processor.py:183} INFO - Processing /opt/airflow/dags/nyc_airbnb_etl.py took 0.380 seconds
[2024-09-02T19:28:40.754+0000] {processor.py:161} INFO - Started process (PID=54) to work on /opt/airflow/dags/nyc_airbnb_etl.py
[2024-09-02T19:28:40.755+0000] {processor.py:830} INFO - Processing file /opt/airflow/dags/nyc_airbnb_etl.py for tasks to queue
[2024-09-02T19:28:40.756+0000] {logging_mixin.py:188} INFO - [2024-09-02T19:28:40.756+0000] {dagbag.py:538} INFO - Filling up the DagBag from /opt/airflow/dags/nyc_airbnb_etl.py
[2024-09-02T19:28:40.985+0000] {logging_mixin.py:188} WARNING - /home/airflow/.local/lib/python3.8/site-packages/airflow/models/baseoperator.py:437 RemovedInAirflow3Warning: provide_context is deprecated as of 2.0 and is no longer required
[2024-09-02T19:28:41.080+0000] {processor.py:840} INFO - DAG(s) 'nyc_airbnb_etl' retrieved from /opt/airflow/dags/nyc_airbnb_etl.py
[2024-09-02T19:28:41.093+0000] {logging_mixin.py:188} INFO - [2024-09-02T19:28:41.092+0000] {dag.py:3036} INFO - Sync 1 DAGs
[2024-09-02T19:28:41.108+0000] {logging_mixin.py:188} INFO - [2024-09-02T19:28:41.107+0000] {dag.py:3823} INFO - Setting next_dagrun for nyc_airbnb_etl to 2024-09-02 00:00:00+00:00, run_after=2024-09-03 00:00:00+00:00
[2024-09-02T19:28:41.120+0000] {processor.py:183} INFO - Processing /opt/airflow/dags/nyc_airbnb_etl.py took 0.368 seconds
[2024-09-02T19:29:11.240+0000] {processor.py:161} INFO - Started process (PID=62) to work on /opt/airflow/dags/nyc_airbnb_etl.py
[2024-09-02T19:29:11.241+0000] {processor.py:830} INFO - Processing file /opt/airflow/dags/nyc_airbnb_etl.py for tasks to queue
[2024-09-02T19:29:11.243+0000] {logging_mixin.py:188} INFO - [2024-09-02T19:29:11.242+0000] {dagbag.py:538} INFO - Filling up the DagBag from /opt/airflow/dags/nyc_airbnb_etl.py
[2024-09-02T19:29:11.577+0000] {logging_mixin.py:188} WARNING - /home/airflow/.local/lib/python3.8/site-packages/airflow/models/baseoperator.py:437 RemovedInAirflow3Warning: provide_context is deprecated as of 2.0 and is no longer required
[2024-09-02T19:29:11.580+0000] {processor.py:840} INFO - DAG(s) 'nyc_airbnb_etl' retrieved from /opt/airflow/dags/nyc_airbnb_etl.py
[2024-09-02T19:29:11.594+0000] {logging_mixin.py:188} INFO - [2024-09-02T19:29:11.593+0000] {dag.py:3036} INFO - Sync 1 DAGs
[2024-09-02T19:29:11.609+0000] {logging_mixin.py:188} INFO - [2024-09-02T19:29:11.609+0000] {dag.py:3823} INFO - Setting next_dagrun for nyc_airbnb_etl to 2024-09-02 00:00:00+00:00, run_after=2024-09-03 00:00:00+00:00
[2024-09-02T19:29:11.635+0000] {processor.py:183} INFO - Processing /opt/airflow/dags/nyc_airbnb_etl.py took 0.397 seconds
[2024-09-02T19:29:41.781+0000] {processor.py:161} INFO - Started process (PID=70) to work on /opt/airflow/dags/nyc_airbnb_etl.py
[2024-09-02T19:29:41.781+0000] {processor.py:830} INFO - Processing file /opt/airflow/dags/nyc_airbnb_etl.py for tasks to queue
[2024-09-02T19:29:41.783+0000] {logging_mixin.py:188} INFO - [2024-09-02T19:29:41.782+0000] {dagbag.py:538} INFO - Filling up the DagBag from /opt/airflow/dags/nyc_airbnb_etl.py
[2024-09-02T19:29:42.097+0000] {logging_mixin.py:188} WARNING - /home/airflow/.local/lib/python3.8/site-packages/airflow/models/baseoperator.py:437 RemovedInAirflow3Warning: provide_context is deprecated as of 2.0 and is no longer required
[2024-09-02T19:29:42.101+0000] {processor.py:840} INFO - DAG(s) 'nyc_airbnb_etl' retrieved from /opt/airflow/dags/nyc_airbnb_etl.py
[2024-09-02T19:29:42.118+0000] {logging_mixin.py:188} INFO - [2024-09-02T19:29:42.117+0000] {dag.py:3036} INFO - Sync 1 DAGs
[2024-09-02T19:29:42.248+0000] {logging_mixin.py:188} INFO - [2024-09-02T19:29:42.248+0000] {dag.py:3823} INFO - Setting next_dagrun for nyc_airbnb_etl to 2024-09-02 00:00:00+00:00, run_after=2024-09-03 00:00:00+00:00
[2024-09-02T19:29:42.264+0000] {processor.py:183} INFO - Processing /opt/airflow/dags/nyc_airbnb_etl.py took 0.486 seconds
[2024-09-02T19:30:12.401+0000] {processor.py:161} INFO - Started process (PID=78) to work on /opt/airflow/dags/nyc_airbnb_etl.py
[2024-09-02T19:30:12.402+0000] {processor.py:830} INFO - Processing file /opt/airflow/dags/nyc_airbnb_etl.py for tasks to queue
[2024-09-02T19:30:12.404+0000] {logging_mixin.py:188} INFO - [2024-09-02T19:30:12.403+0000] {dagbag.py:538} INFO - Filling up the DagBag from /opt/airflow/dags/nyc_airbnb_etl.py
[2024-09-02T19:30:12.696+0000] {logging_mixin.py:188} WARNING - /home/airflow/.local/lib/python3.8/site-packages/airflow/models/baseoperator.py:437 RemovedInAirflow3Warning: provide_context is deprecated as of 2.0 and is no longer required
[2024-09-02T19:30:12.700+0000] {processor.py:840} INFO - DAG(s) 'nyc_airbnb_etl' retrieved from /opt/airflow/dags/nyc_airbnb_etl.py
[2024-09-02T19:30:12.717+0000] {logging_mixin.py:188} INFO - [2024-09-02T19:30:12.717+0000] {dag.py:3036} INFO - Sync 1 DAGs
[2024-09-02T19:30:12.846+0000] {logging_mixin.py:188} INFO - [2024-09-02T19:30:12.846+0000] {dag.py:3823} INFO - Setting next_dagrun for nyc_airbnb_etl to 2024-09-02 00:00:00+00:00, run_after=2024-09-03 00:00:00+00:00
[2024-09-02T19:30:12.863+0000] {processor.py:183} INFO - Processing /opt/airflow/dags/nyc_airbnb_etl.py took 0.465 seconds
[2024-09-02T19:30:42.996+0000] {processor.py:161} INFO - Started process (PID=86) to work on /opt/airflow/dags/nyc_airbnb_etl.py
[2024-09-02T19:30:42.997+0000] {processor.py:830} INFO - Processing file /opt/airflow/dags/nyc_airbnb_etl.py for tasks to queue
[2024-09-02T19:30:42.998+0000] {logging_mixin.py:188} INFO - [2024-09-02T19:30:42.998+0000] {dagbag.py:538} INFO - Filling up the DagBag from /opt/airflow/dags/nyc_airbnb_etl.py
[2024-09-02T19:30:43.218+0000] {logging_mixin.py:188} WARNING - /home/airflow/.local/lib/python3.8/site-packages/airflow/models/baseoperator.py:437 RemovedInAirflow3Warning: provide_context is deprecated as of 2.0 and is no longer required
[2024-09-02T19:30:43.317+0000] {processor.py:840} INFO - DAG(s) 'nyc_airbnb_etl' retrieved from /opt/airflow/dags/nyc_airbnb_etl.py
[2024-09-02T19:30:43.329+0000] {logging_mixin.py:188} INFO - [2024-09-02T19:30:43.329+0000] {dag.py:3036} INFO - Sync 1 DAGs
[2024-09-02T19:30:43.344+0000] {logging_mixin.py:188} INFO - [2024-09-02T19:30:43.344+0000] {dag.py:3823} INFO - Setting next_dagrun for nyc_airbnb_etl to 2024-09-02 00:00:00+00:00, run_after=2024-09-03 00:00:00+00:00
[2024-09-02T19:30:43.357+0000] {processor.py:183} INFO - Processing /opt/airflow/dags/nyc_airbnb_etl.py took 0.362 seconds
